<?xml version="1.0" encoding="UTF-8"?>
<!-- Generated by org.testng.reporters.JUnitXMLReporter -->
<testsuite ignored="5" hostname="Nandhu" failures="0" tests="1" name="Default test" time="3.779" errors="0" timestamp="2025-03-28T13:22:00 IST">
  <testcase classname="com.experion.tests.AutomatedScenario" name="VerifyTheDefaultSortingByNameAscending" time="1.317"/>
  <testcase classname="com.experion.tests.AutomatedScenario" name="VerifyTheAddToCartFeature" time="0.0">
    <ignored/>
  </testcase> <!-- VerifyTheAddToCartFeature -->
  <testcase classname="com.experion.tests.AutomatedScenario" name="VerifyTheCheckOut" time="0.0">
    <ignored/>
  </testcase> <!-- VerifyTheCheckOut -->
  <testcase classname="com.experion.tests.AutomatedScenario" name="VerifyTheDescendingSortingByName" time="0.0">
    <ignored/>
  </testcase> <!-- VerifyTheDescendingSortingByName -->
  <testcase classname="com.experion.tests.AutomatedScenario" name="VerifyTheAscendingSortingByPrice" time="0.0">
    <ignored/>
  </testcase> <!-- VerifyTheAscendingSortingByPrice -->
  <testcase classname="com.experion.tests.AutomatedScenario" name="VerifyTheDescendingSortingByPrice" time="0.0">
    <ignored/>
  </testcase> <!-- VerifyTheDescendingSortingByPrice -->
</testsuite> <!-- Default test -->
