<?xml version="1.0" encoding="UTF-8"?>
<testng-results ignored="0" total="10" passed="10" failed="0" skipped="0">
  <reporter-output>
  </reporter-output>
  <suite started-at="2025-03-28T21:19:41 IST" name="Experion Test Suite" finished-at="2025-03-28T21:20:29 IST" duration-ms="48055">
    <groups>
    </groups>
    <test started-at="2025-03-28T21:19:41 IST" name="ChromeTests" finished-at="2025-03-28T21:20:29 IST" duration-ms="48055">
      <class name="com.experion.tests.AutomatedScenario">
        <test-method is-config="true" signature="setUp(java.lang.String,org.testng.ITestResult)[pri:0, instance:com.experion.tests.AutomatedScenario@9225652]" started-at="2025-03-28T21:20:07 IST" name="setUp" finished-at="2025-03-28T21:20:08 IST" duration-ms="1032" status="PASS">
          <params>
            <param index="0">
              <value>
                <![CDATA[chrome]]>
              </value>
            </param>
            <param index="1">
              <value>
                <![CDATA[[TestResult name={null} status=CREATED method=AutomatedScenario.VerifyTheAddToCartFeature()[pri:0, instance:com.experion.tests.AutomatedScenario@9225652] output={null}]]]>
              </value>
            </param>
          </params>
          <reporter-output>
          </reporter-output>
        </test-method> <!-- setUp -->
        <test-method signature="VerifyTheAddToCartFeature()[pri:0, instance:com.experion.tests.AutomatedScenario@9225652]" started-at="2025-03-28T21:20:08 IST" name="VerifyTheAddToCartFeature" finished-at="2025-03-28T21:20:10 IST" duration-ms="1929" status="PASS">
          <reporter-output>
          </reporter-output>
        </test-method> <!-- VerifyTheAddToCartFeature -->
        <test-method is-config="true" signature="tearDown(org.testng.ITestResult)[pri:0, instance:com.experion.tests.AutomatedScenario@9225652]" started-at="2025-03-28T21:20:10 IST" name="tearDown" finished-at="2025-03-28T21:20:10 IST" duration-ms="182" status="PASS">
          <params>
            <param index="0">
              <value>
                <![CDATA[[TestResult name=VerifyTheAddToCartFeature status=SUCCESS method=AutomatedScenario.VerifyTheAddToCartFeature()[pri:0, instance:com.experion.tests.AutomatedScenario@9225652] output={null}]]]>
              </value>
            </param>
          </params>
          <reporter-output>
          </reporter-output>
        </test-method> <!-- tearDown -->
        <test-method is-config="true" signature="setUp(java.lang.String,org.testng.ITestResult)[pri:0, instance:com.experion.tests.AutomatedScenario@9225652]" started-at="2025-03-28T21:20:10 IST" name="setUp" finished-at="2025-03-28T21:20:11 IST" duration-ms="1026" status="PASS">
          <params>
            <param index="0">
              <value>
                <![CDATA[chrome]]>
              </value>
            </param>
            <param index="1">
              <value>
                <![CDATA[[TestResult name={null} status=CREATED method=AutomatedScenario.VerifyTheAscendingSortingByPrice()[pri:0, instance:com.experion.tests.AutomatedScenario@9225652] output={null}]]]>
              </value>
            </param>
          </params>
          <reporter-output>
          </reporter-output>
        </test-method> <!-- setUp -->
        <test-method signature="VerifyTheAscendingSortingByPrice()[pri:0, instance:com.experion.tests.AutomatedScenario@9225652]" started-at="2025-03-28T21:20:11 IST" name="VerifyTheAscendingSortingByPrice" finished-at="2025-03-28T21:20:12 IST" duration-ms="1374" status="PASS">
          <reporter-output>
          </reporter-output>
        </test-method> <!-- VerifyTheAscendingSortingByPrice -->
        <test-method is-config="true" signature="tearDown(org.testng.ITestResult)[pri:0, instance:com.experion.tests.AutomatedScenario@9225652]" started-at="2025-03-28T21:20:12 IST" name="tearDown" finished-at="2025-03-28T21:20:13 IST" duration-ms="198" status="PASS">
          <params>
            <param index="0">
              <value>
                <![CDATA[[TestResult name=VerifyTheAscendingSortingByPrice status=SUCCESS method=AutomatedScenario.VerifyTheAscendingSortingByPrice()[pri:0, instance:com.experion.tests.AutomatedScenario@9225652] output={null}]]]>
              </value>
            </param>
          </params>
          <reporter-output>
          </reporter-output>
        </test-method> <!-- tearDown -->
        <test-method is-config="true" signature="setUp(java.lang.String,org.testng.ITestResult)[pri:0, instance:com.experion.tests.AutomatedScenario@9225652]" started-at="2025-03-28T21:20:13 IST" name="setUp" finished-at="2025-03-28T21:20:14 IST" duration-ms="1072" status="PASS">
          <params>
            <param index="0">
              <value>
                <![CDATA[chrome]]>
              </value>
            </param>
            <param index="1">
              <value>
                <![CDATA[[TestResult name={null} status=CREATED method=AutomatedScenario.VerifyTheCheckOut()[pri:0, instance:com.experion.tests.AutomatedScenario@9225652] output={null}]]]>
              </value>
            </param>
          </params>
          <reporter-output>
          </reporter-output>
        </test-method> <!-- setUp -->
        <test-method signature="VerifyTheCheckOut()[pri:0, instance:com.experion.tests.AutomatedScenario@9225652]" started-at="2025-03-28T21:20:14 IST" name="VerifyTheCheckOut" finished-at="2025-03-28T21:20:21 IST" duration-ms="7040" status="PASS">
          <reporter-output>
          </reporter-output>
        </test-method> <!-- VerifyTheCheckOut -->
        <test-method is-config="true" signature="tearDown(org.testng.ITestResult)[pri:0, instance:com.experion.tests.AutomatedScenario@9225652]" started-at="2025-03-28T21:20:21 IST" name="tearDown" finished-at="2025-03-28T21:20:21 IST" duration-ms="277" status="PASS">
          <params>
            <param index="0">
              <value>
                <![CDATA[[TestResult name=VerifyTheCheckOut status=SUCCESS method=AutomatedScenario.VerifyTheCheckOut()[pri:0, instance:com.experion.tests.AutomatedScenario@9225652] output={null}]]]>
              </value>
            </param>
          </params>
          <reporter-output>
          </reporter-output>
        </test-method> <!-- tearDown -->
        <test-method is-config="true" signature="setUp(java.lang.String,org.testng.ITestResult)[pri:0, instance:com.experion.tests.AutomatedScenario@9225652]" started-at="2025-03-28T21:20:21 IST" name="setUp" finished-at="2025-03-28T21:20:22 IST" duration-ms="1039" status="PASS">
          <params>
            <param index="0">
              <value>
                <![CDATA[chrome]]>
              </value>
            </param>
            <param index="1">
              <value>
                <![CDATA[[TestResult name={null} status=CREATED method=AutomatedScenario.VerifyTheDefaultSortingByNameAscending()[pri:0, instance:com.experion.tests.AutomatedScenario@9225652] output={null}]]]>
              </value>
            </param>
          </params>
          <reporter-output>
          </reporter-output>
        </test-method> <!-- setUp -->
        <test-method signature="VerifyTheDefaultSortingByNameAscending()[pri:0, instance:com.experion.tests.AutomatedScenario@9225652]" started-at="2025-03-28T21:20:22 IST" name="VerifyTheDefaultSortingByNameAscending" finished-at="2025-03-28T21:20:23 IST" duration-ms="1201" status="PASS">
          <reporter-output>
          </reporter-output>
        </test-method> <!-- VerifyTheDefaultSortingByNameAscending -->
        <test-method is-config="true" signature="tearDown(org.testng.ITestResult)[pri:0, instance:com.experion.tests.AutomatedScenario@9225652]" started-at="2025-03-28T21:20:23 IST" name="tearDown" finished-at="2025-03-28T21:20:23 IST" duration-ms="243" status="PASS">
          <params>
            <param index="0">
              <value>
                <![CDATA[[TestResult name=VerifyTheDefaultSortingByNameAscending status=SUCCESS method=AutomatedScenario.VerifyTheDefaultSortingByNameAscending()[pri:0, instance:com.experion.tests.AutomatedScenario@9225652] output={null}]]]>
              </value>
            </param>
          </params>
          <reporter-output>
          </reporter-output>
        </test-method> <!-- tearDown -->
        <test-method is-config="true" signature="setUp(java.lang.String,org.testng.ITestResult)[pri:0, instance:com.experion.tests.AutomatedScenario@9225652]" started-at="2025-03-28T21:20:23 IST" name="setUp" finished-at="2025-03-28T21:20:24 IST" duration-ms="986" status="PASS">
          <params>
            <param index="0">
              <value>
                <![CDATA[chrome]]>
              </value>
            </param>
            <param index="1">
              <value>
                <![CDATA[[TestResult name={null} status=CREATED method=AutomatedScenario.VerifyTheDescendingSortingByName()[pri:0, instance:com.experion.tests.AutomatedScenario@9225652] output={null}]]]>
              </value>
            </param>
          </params>
          <reporter-output>
          </reporter-output>
        </test-method> <!-- setUp -->
        <test-method signature="VerifyTheDescendingSortingByName()[pri:0, instance:com.experion.tests.AutomatedScenario@9225652]" started-at="2025-03-28T21:20:24 IST" name="VerifyTheDescendingSortingByName" finished-at="2025-03-28T21:20:26 IST" duration-ms="1407" status="PASS">
          <reporter-output>
          </reporter-output>
        </test-method> <!-- VerifyTheDescendingSortingByName -->
        <test-method is-config="true" signature="tearDown(org.testng.ITestResult)[pri:0, instance:com.experion.tests.AutomatedScenario@9225652]" started-at="2025-03-28T21:20:26 IST" name="tearDown" finished-at="2025-03-28T21:20:26 IST" duration-ms="254" status="PASS">
          <params>
            <param index="0">
              <value>
                <![CDATA[[TestResult name=VerifyTheDescendingSortingByName status=SUCCESS method=AutomatedScenario.VerifyTheDescendingSortingByName()[pri:0, instance:com.experion.tests.AutomatedScenario@9225652] output={null}]]]>
              </value>
            </param>
          </params>
          <reporter-output>
          </reporter-output>
        </test-method> <!-- tearDown -->
        <test-method is-config="true" signature="setUp(java.lang.String,org.testng.ITestResult)[pri:0, instance:com.experion.tests.AutomatedScenario@9225652]" started-at="2025-03-28T21:20:26 IST" name="setUp" finished-at="2025-03-28T21:20:27 IST" duration-ms="1022" status="PASS">
          <params>
            <param index="0">
              <value>
                <![CDATA[chrome]]>
              </value>
            </param>
            <param index="1">
              <value>
                <![CDATA[[TestResult name={null} status=CREATED method=AutomatedScenario.VerifyTheDescendingSortingByPrice()[pri:0, instance:com.experion.tests.AutomatedScenario@9225652] output={null}]]]>
              </value>
            </param>
          </params>
          <reporter-output>
          </reporter-output>
        </test-method> <!-- setUp -->
        <test-method signature="VerifyTheDescendingSortingByPrice()[pri:0, instance:com.experion.tests.AutomatedScenario@9225652]" started-at="2025-03-28T21:20:27 IST" name="VerifyTheDescendingSortingByPrice" finished-at="2025-03-28T21:20:29 IST" duration-ms="1549" status="PASS">
          <reporter-output>
          </reporter-output>
        </test-method> <!-- VerifyTheDescendingSortingByPrice -->
        <test-method is-config="true" signature="tearDown(org.testng.ITestResult)[pri:0, instance:com.experion.tests.AutomatedScenario@9225652]" started-at="2025-03-28T21:20:29 IST" name="tearDown" finished-at="2025-03-28T21:20:29 IST" duration-ms="183" status="PASS">
          <params>
            <param index="0">
              <value>
                <![CDATA[[TestResult name=VerifyTheDescendingSortingByPrice status=SUCCESS method=AutomatedScenario.VerifyTheDescendingSortingByPrice()[pri:0, instance:com.experion.tests.AutomatedScenario@9225652] output={null}]]]>
              </value>
            </param>
          </params>
          <reporter-output>
          </reporter-output>
        </test-method> <!-- tearDown -->
      </class> <!-- com.experion.tests.AutomatedScenario -->
      <class name="com.experion.tests.LoginTests">
        <test-method is-config="true" signature="setupSuite()[pri:0, instance:com.experion.tests.LoginTests@19bb07ed]" started-at="2025-03-28T21:19:40 IST" name="setupSuite" finished-at="2025-03-28T21:19:41 IST" duration-ms="305" status="PASS">
          <reporter-output>
          </reporter-output>
        </test-method> <!-- setupSuite -->
        <test-method is-config="true" signature="setUp(java.lang.String,org.testng.ITestResult)[pri:0, instance:com.experion.tests.LoginTests@19bb07ed]" started-at="2025-03-28T21:19:41 IST" name="setUp" finished-at="2025-03-28T21:19:45 IST" duration-ms="4602" status="PASS">
          <params>
            <param index="0">
              <value>
                <![CDATA[chrome]]>
              </value>
            </param>
            <param index="1">
              <value>
                <![CDATA[[TestResult name={null} status=CREATED method=LoginTests.loginWithInvalidPassword()[pri:0, instance:com.experion.tests.LoginTests@19bb07ed] output={null}]]]>
              </value>
            </param>
          </params>
          <reporter-output>
          </reporter-output>
        </test-method> <!-- setUp -->
        <test-method signature="loginWithInvalidPassword()[pri:0, instance:com.experion.tests.LoginTests@19bb07ed]" started-at="2025-03-28T21:19:45 IST" name="loginWithInvalidPassword" finished-at="2025-03-28T21:19:48 IST" duration-ms="2352" status="PASS">
          <reporter-output>
          </reporter-output>
        </test-method> <!-- loginWithInvalidPassword -->
        <test-method is-config="true" signature="tearDown(org.testng.ITestResult)[pri:0, instance:com.experion.tests.LoginTests@19bb07ed]" started-at="2025-03-28T21:19:48 IST" name="tearDown" finished-at="2025-03-28T21:19:48 IST" duration-ms="278" status="PASS">
          <params>
            <param index="0">
              <value>
                <![CDATA[[TestResult name=loginWithInvalidPassword status=SUCCESS method=LoginTests.loginWithInvalidPassword()[pri:0, instance:com.experion.tests.LoginTests@19bb07ed] output={null}]]]>
              </value>
            </param>
          </params>
          <reporter-output>
          </reporter-output>
        </test-method> <!-- tearDown -->
        <test-method is-config="true" signature="setUp(java.lang.String,org.testng.ITestResult)[pri:0, instance:com.experion.tests.LoginTests@19bb07ed]" started-at="2025-03-28T21:19:48 IST" name="setUp" finished-at="2025-03-28T21:19:49 IST" duration-ms="974" status="PASS">
          <params>
            <param index="0">
              <value>
                <![CDATA[chrome]]>
              </value>
            </param>
            <param index="1">
              <value>
                <![CDATA[[TestResult name={null} status=CREATED method=LoginTests.successfulLoginTest(java.lang.String,java.lang.String)[pri:0, instance:com.experion.tests.LoginTests@19bb07ed] output={null}]]]>
              </value>
            </param>
          </params>
          <reporter-output>
          </reporter-output>
        </test-method> <!-- setUp -->
        <test-method signature="successfulLoginTest(java.lang.String,java.lang.String)[pri:0, instance:com.experion.tests.LoginTests@19bb07ed]" started-at="2025-03-28T21:19:49 IST" name="successfulLoginTest" data-provider="validLoginData" finished-at="2025-03-28T21:19:51 IST" duration-ms="2067" status="PASS">
          <params>
            <param index="0">
              <value>
                <![CDATA[standard_user]]>
              </value>
            </param>
            <param index="1">
              <value>
                <![CDATA[secret_sauce]]>
              </value>
            </param>
          </params>
          <reporter-output>
          </reporter-output>
        </test-method> <!-- successfulLoginTest -->
        <test-method is-config="true" signature="tearDown(org.testng.ITestResult)[pri:0, instance:com.experion.tests.LoginTests@19bb07ed]" started-at="2025-03-28T21:19:51 IST" name="tearDown" finished-at="2025-03-28T21:19:51 IST" duration-ms="182" status="PASS">
          <params>
            <param index="0">
              <value>
                <![CDATA[[TestResult name=successfulLoginTest status=SUCCESS method=LoginTests.successfulLoginTest(java.lang.String,java.lang.String)[pri:0, instance:com.experion.tests.LoginTests@19bb07ed] output={null}]]]>
              </value>
            </param>
          </params>
          <reporter-output>
          </reporter-output>
        </test-method> <!-- tearDown -->
        <test-method is-config="true" signature="setUp(java.lang.String,org.testng.ITestResult)[pri:0, instance:com.experion.tests.LoginTests@19bb07ed]" started-at="2025-03-28T21:19:51 IST" name="setUp" finished-at="2025-03-28T21:19:52 IST" duration-ms="888" status="PASS">
          <params>
            <param index="0">
              <value>
                <![CDATA[chrome]]>
              </value>
            </param>
            <param index="1">
              <value>
                <![CDATA[[TestResult name={null} status=CREATED method=LoginTests.successfulLoginTest(java.lang.String,java.lang.String)[pri:0, instance:com.experion.tests.LoginTests@19bb07ed] output={null}]]]>
              </value>
            </param>
          </params>
          <reporter-output>
          </reporter-output>
        </test-method> <!-- setUp -->
        <test-method signature="successfulLoginTest(java.lang.String,java.lang.String)[pri:0, instance:com.experion.tests.LoginTests@19bb07ed]" started-at="2025-03-28T21:19:52 IST" name="successfulLoginTest" data-provider="validLoginData" finished-at="2025-03-28T21:20:04 IST" duration-ms="11522" status="PASS">
          <params>
            <param index="0">
              <value>
                <![CDATA[performance_glitch_user]]>
              </value>
            </param>
            <param index="1">
              <value>
                <![CDATA[secret_sauce]]>
              </value>
            </param>
          </params>
          <reporter-output>
          </reporter-output>
        </test-method> <!-- successfulLoginTest -->
        <test-method is-config="true" signature="tearDown(org.testng.ITestResult)[pri:0, instance:com.experion.tests.LoginTests@19bb07ed]" started-at="2025-03-28T21:20:04 IST" name="tearDown" finished-at="2025-03-28T21:20:04 IST" duration-ms="249" status="PASS">
          <params>
            <param index="0">
              <value>
                <![CDATA[[TestResult name=successfulLoginTest status=SUCCESS method=LoginTests.successfulLoginTest(java.lang.String,java.lang.String)[pri:0, instance:com.experion.tests.LoginTests@19bb07ed] output={null}]]]>
              </value>
            </param>
          </params>
          <reporter-output>
          </reporter-output>
        </test-method> <!-- tearDown -->
        <test-method is-config="true" signature="setUp(java.lang.String,org.testng.ITestResult)[pri:0, instance:com.experion.tests.LoginTests@19bb07ed]" started-at="2025-03-28T21:20:04 IST" name="setUp" finished-at="2025-03-28T21:20:05 IST" duration-ms="1033" status="PASS">
          <params>
            <param index="0">
              <value>
                <![CDATA[chrome]]>
              </value>
            </param>
            <param index="1">
              <value>
                <![CDATA[[TestResult name={null} status=CREATED method=LoginTests.successfulLoginTest(java.lang.String,java.lang.String)[pri:0, instance:com.experion.tests.LoginTests@19bb07ed] output={null}]]]>
              </value>
            </param>
          </params>
          <reporter-output>
          </reporter-output>
        </test-method> <!-- setUp -->
        <test-method signature="successfulLoginTest(java.lang.String,java.lang.String)[pri:0, instance:com.experion.tests.LoginTests@19bb07ed]" started-at="2025-03-28T21:20:05 IST" name="successfulLoginTest" data-provider="validLoginData" finished-at="2025-03-28T21:20:07 IST" duration-ms="1630" status="PASS">
          <params>
            <param index="0">
              <value>
                <![CDATA[visual_user]]>
              </value>
            </param>
            <param index="1">
              <value>
                <![CDATA[secret_sauce]]>
              </value>
            </param>
          </params>
          <reporter-output>
          </reporter-output>
        </test-method> <!-- successfulLoginTest -->
        <test-method is-config="true" signature="tearDown(org.testng.ITestResult)[pri:0, instance:com.experion.tests.LoginTests@19bb07ed]" started-at="2025-03-28T21:20:07 IST" name="tearDown" finished-at="2025-03-28T21:20:07 IST" duration-ms="210" status="PASS">
          <params>
            <param index="0">
              <value>
                <![CDATA[[TestResult name=successfulLoginTest status=SUCCESS method=LoginTests.successfulLoginTest(java.lang.String,java.lang.String)[pri:0, instance:com.experion.tests.LoginTests@19bb07ed] output={null}]]]>
              </value>
            </param>
          </params>
          <reporter-output>
          </reporter-output>
        </test-method> <!-- tearDown -->
        <test-method is-config="true" signature="tearDownSuite()[pri:0, instance:com.experion.tests.LoginTests@19bb07ed]" started-at="2025-03-28T21:20:29 IST" name="tearDownSuite" finished-at="2025-03-28T21:20:29 IST" duration-ms="315" status="PASS">
          <reporter-output>
          </reporter-output>
        </test-method> <!-- tearDownSuite -->
      </class> <!-- com.experion.tests.LoginTests -->
    </test> <!-- ChromeTests -->
  </suite> <!-- Experion Test Suite -->
</testng-results>
