<?xml version="1.0" encoding="UTF-8"?>
<!-- Generated by org.testng.reporters.JUnitXMLReporter -->
<testsuite ignored="2" hostname="Nandhu" failures="0" tests="10" name="ChromeTests" time="48.055" errors="0" timestamp="2025-03-28T21:20:29 IST">
  <testcase classname="com.experion.tests.LoginTests" name="loginWithInvalidPassword" time="2.352"/>
  <testcase classname="com.experion.tests.LoginTests" name="successfulLoginTest" time="2.067"/>
  <testcase classname="com.experion.tests.LoginTests" name="successfulLoginTest" time="11.522"/>
  <testcase classname="com.experion.tests.LoginTests" name="successfulLoginTest" time="1.63"/>
  <testcase classname="com.experion.tests.AutomatedScenario" name="VerifyTheAddToCartFeature" time="1.929"/>
  <testcase classname="com.experion.tests.AutomatedScenario" name="VerifyTheAscendingSortingByPrice" time="1.374"/>
  <testcase classname="com.experion.tests.AutomatedScenario" name="VerifyTheCheckOut" time="7.04"/>
  <testcase classname="com.experion.tests.AutomatedScenario" name="VerifyTheDefaultSortingByNameAscending" time="1.201"/>
  <testcase classname="com.experion.tests.AutomatedScenario" name="VerifyTheDescendingSortingByName" time="1.407"/>
  <testcase classname="com.experion.tests.AutomatedScenario" name="VerifyTheDescendingSortingByPrice" time="1.549"/>
  <testcase classname="com.experion.tests.BaseTest" name="@BeforeSuite setupSuite" time="0.0">
    <ignored/>
  </testcase> <!-- @BeforeSuite setupSuite -->
  <testcase classname="com.experion.tests.BaseTest" name="@AfterSuite tearDownSuite" time="0.0">
    <ignored/>
  </testcase> <!-- @AfterSuite tearDownSuite -->
</testsuite> <!-- ChromeTests -->
