<?xml version="1.0" encoding="UTF-8"?>
<!-- Generated by org.testng.reporters.JUnitXMLReporter -->
<testsuite ignored="2" hostname="Nandhu" failures="0" tests="10" name="ChromeTests" time="47.424" errors="0" timestamp="2025-03-28T14:55:00 IST">
  <testcase classname="com.experion.tests.LoginTests" name="loginWithInvalidPassword" time="1.246"/>
  <testcase classname="com.experion.tests.LoginTests" name="successfulLoginTest" time="1.485"/>
  <testcase classname="com.experion.tests.LoginTests" name="successfulLoginTest" time="11.693"/>
  <testcase classname="com.experion.tests.LoginTests" name="successfulLoginTest" time="1.796"/>
  <testcase classname="com.experion.tests.AutomatedScenario" name="VerifyTheAddToCartFeature" time="1.91"/>
  <testcase classname="com.experion.tests.AutomatedScenario" name="VerifyTheAscendingSortingByPrice" time="1.71"/>
  <testcase classname="com.experion.tests.AutomatedScenario" name="VerifyTheCheckOut" time="6.977"/>
  <testcase classname="com.experion.tests.AutomatedScenario" name="VerifyTheDefaultSortingByNameAscending" time="1.369"/>
  <testcase classname="com.experion.tests.AutomatedScenario" name="VerifyTheDescendingSortingByName" time="1.464"/>
  <testcase classname="com.experion.tests.AutomatedScenario" name="VerifyTheDescendingSortingByPrice" time="1.722"/>
  <testcase classname="com.experion.tests.BaseTest" name="@AfterSuite tearDownSuite" time="0.0">
    <ignored/>
  </testcase> <!-- @AfterSuite tearDownSuite -->
  <testcase classname="com.experion.tests.BaseTest" name="@BeforeSuite setupSuite" time="0.0">
    <ignored/>
  </testcase> <!-- @BeforeSuite setupSuite -->
</testsuite> <!-- ChromeTests -->
