<?xml version="1.0" encoding="UTF-8"?>
<!-- Generated by org.testng.reporters.JUnitXMLReporter -->
<testsuite ignored="2" hostname="Nandhu" failures="0" tests="10" name="ChromeTests" time="44.752" errors="0" timestamp="2025-03-28T17:41:47 IST">
  <testcase classname="com.experion.tests.LoginTests" name="loginWithInvalidPassword" time="1.127"/>
  <testcase classname="com.experion.tests.LoginTests" name="successfulLoginTest" time="1.573"/>
  <testcase classname="com.experion.tests.LoginTests" name="successfulLoginTest" time="11.536"/>
  <testcase classname="com.experion.tests.LoginTests" name="successfulLoginTest" time="1.51"/>
  <testcase classname="com.experion.tests.AutomatedScenario" name="VerifyTheAddToCartFeature" time="1.753"/>
  <testcase classname="com.experion.tests.AutomatedScenario" name="VerifyTheAscendingSortingByPrice" time="1.517"/>
  <testcase classname="com.experion.tests.AutomatedScenario" name="VerifyTheCheckOut" time="6.474"/>
  <testcase classname="com.experion.tests.AutomatedScenario" name="VerifyTheDefaultSortingByNameAscending" time="1.206"/>
  <testcase classname="com.experion.tests.AutomatedScenario" name="VerifyTheDescendingSortingByName" time="1.401"/>
  <testcase classname="com.experion.tests.AutomatedScenario" name="VerifyTheDescendingSortingByPrice" time="1.305"/>
  <testcase classname="com.experion.tests.BaseTest" name="@AfterSuite tearDownSuite" time="0.0">
    <ignored/>
  </testcase> <!-- @AfterSuite tearDownSuite -->
  <testcase classname="com.experion.tests.BaseTest" name="@BeforeSuite setupSuite" time="0.0">
    <ignored/>
  </testcase> <!-- @BeforeSuite setupSuite -->
</testsuite> <!-- ChromeTests -->
