<?xml version="1.0" encoding="UTF-8"?>
<testng-results ignored="0" total="10" passed="10" failed="0" skipped="0">
  <reporter-output>
  </reporter-output>
  <suite started-at="2025-03-28T17:41:03 IST" name="Experion Test Suite" finished-at="2025-03-28T17:41:47 IST" duration-ms="44752">
    <groups>
    </groups>
    <test started-at="2025-03-28T17:41:03 IST" name="ChromeTests" finished-at="2025-03-28T17:41:47 IST" duration-ms="44752">
      <class name="com.experion.tests.AutomatedScenario">
        <test-method is-config="true" signature="setUp(java.lang.String,org.testng.ITestResult)[pri:0, instance:com.experion.tests.AutomatedScenario@568ff82]" started-at="2025-03-28T17:41:26 IST" name="setUp" finished-at="2025-03-28T17:41:27 IST" duration-ms="1044" status="PASS">
          <params>
            <param index="0">
              <value>
                <![CDATA[chrome]]>
              </value>
            </param>
            <param index="1">
              <value>
                <![CDATA[[TestResult name={null} status=CREATED method=AutomatedScenario.VerifyTheAddToCartFeature()[pri:0, instance:com.experion.tests.AutomatedScenario@568ff82] output={null}]]]>
              </value>
            </param>
          </params>
          <reporter-output>
          </reporter-output>
        </test-method> <!-- setUp -->
        <test-method signature="VerifyTheAddToCartFeature()[pri:0, instance:com.experion.tests.AutomatedScenario@568ff82]" started-at="2025-03-28T17:41:27 IST" name="VerifyTheAddToCartFeature" finished-at="2025-03-28T17:41:29 IST" duration-ms="1753" status="PASS">
          <reporter-output>
          </reporter-output>
        </test-method> <!-- VerifyTheAddToCartFeature -->
        <test-method is-config="true" signature="tearDown(org.testng.ITestResult)[pri:0, instance:com.experion.tests.AutomatedScenario@568ff82]" started-at="2025-03-28T17:41:29 IST" name="tearDown" finished-at="2025-03-28T17:41:29 IST" duration-ms="243" status="PASS">
          <params>
            <param index="0">
              <value>
                <![CDATA[[TestResult name=VerifyTheAddToCartFeature status=SUCCESS method=AutomatedScenario.VerifyTheAddToCartFeature()[pri:0, instance:com.experion.tests.AutomatedScenario@568ff82] output={null}]]]>
              </value>
            </param>
          </params>
          <reporter-output>
          </reporter-output>
        </test-method> <!-- tearDown -->
        <test-method is-config="true" signature="setUp(java.lang.String,org.testng.ITestResult)[pri:0, instance:com.experion.tests.AutomatedScenario@568ff82]" started-at="2025-03-28T17:41:29 IST" name="setUp" finished-at="2025-03-28T17:41:30 IST" duration-ms="886" status="PASS">
          <params>
            <param index="0">
              <value>
                <![CDATA[chrome]]>
              </value>
            </param>
            <param index="1">
              <value>
                <![CDATA[[TestResult name={null} status=CREATED method=AutomatedScenario.VerifyTheAscendingSortingByPrice()[pri:0, instance:com.experion.tests.AutomatedScenario@568ff82] output={null}]]]>
              </value>
            </param>
          </params>
          <reporter-output>
          </reporter-output>
        </test-method> <!-- setUp -->
        <test-method signature="VerifyTheAscendingSortingByPrice()[pri:0, instance:com.experion.tests.AutomatedScenario@568ff82]" started-at="2025-03-28T17:41:30 IST" name="VerifyTheAscendingSortingByPrice" finished-at="2025-03-28T17:41:32 IST" duration-ms="1517" status="PASS">
          <reporter-output>
          </reporter-output>
        </test-method> <!-- VerifyTheAscendingSortingByPrice -->
        <test-method is-config="true" signature="tearDown(org.testng.ITestResult)[pri:0, instance:com.experion.tests.AutomatedScenario@568ff82]" started-at="2025-03-28T17:41:32 IST" name="tearDown" finished-at="2025-03-28T17:41:32 IST" duration-ms="241" status="PASS">
          <params>
            <param index="0">
              <value>
                <![CDATA[[TestResult name=VerifyTheAscendingSortingByPrice status=SUCCESS method=AutomatedScenario.VerifyTheAscendingSortingByPrice()[pri:0, instance:com.experion.tests.AutomatedScenario@568ff82] output={null}]]]>
              </value>
            </param>
          </params>
          <reporter-output>
          </reporter-output>
        </test-method> <!-- tearDown -->
        <test-method is-config="true" signature="setUp(java.lang.String,org.testng.ITestResult)[pri:0, instance:com.experion.tests.AutomatedScenario@568ff82]" started-at="2025-03-28T17:41:32 IST" name="setUp" finished-at="2025-03-28T17:41:33 IST" duration-ms="883" status="PASS">
          <params>
            <param index="0">
              <value>
                <![CDATA[chrome]]>
              </value>
            </param>
            <param index="1">
              <value>
                <![CDATA[[TestResult name={null} status=CREATED method=AutomatedScenario.VerifyTheCheckOut()[pri:0, instance:com.experion.tests.AutomatedScenario@568ff82] output={null}]]]>
              </value>
            </param>
          </params>
          <reporter-output>
          </reporter-output>
        </test-method> <!-- setUp -->
        <test-method signature="VerifyTheCheckOut()[pri:0, instance:com.experion.tests.AutomatedScenario@568ff82]" started-at="2025-03-28T17:41:33 IST" name="VerifyTheCheckOut" finished-at="2025-03-28T17:41:39 IST" duration-ms="6474" status="PASS">
          <reporter-output>
          </reporter-output>
        </test-method> <!-- VerifyTheCheckOut -->
        <test-method is-config="true" signature="tearDown(org.testng.ITestResult)[pri:0, instance:com.experion.tests.AutomatedScenario@568ff82]" started-at="2025-03-28T17:41:39 IST" name="tearDown" finished-at="2025-03-28T17:41:40 IST" duration-ms="309" status="PASS">
          <params>
            <param index="0">
              <value>
                <![CDATA[[TestResult name=VerifyTheCheckOut status=SUCCESS method=AutomatedScenario.VerifyTheCheckOut()[pri:0, instance:com.experion.tests.AutomatedScenario@568ff82] output={null}]]]>
              </value>
            </param>
          </params>
          <reporter-output>
          </reporter-output>
        </test-method> <!-- tearDown -->
        <test-method is-config="true" signature="setUp(java.lang.String,org.testng.ITestResult)[pri:0, instance:com.experion.tests.AutomatedScenario@568ff82]" started-at="2025-03-28T17:41:40 IST" name="setUp" finished-at="2025-03-28T17:41:41 IST" duration-ms="961" status="PASS">
          <params>
            <param index="0">
              <value>
                <![CDATA[chrome]]>
              </value>
            </param>
            <param index="1">
              <value>
                <![CDATA[[TestResult name={null} status=CREATED method=AutomatedScenario.VerifyTheDefaultSortingByNameAscending()[pri:0, instance:com.experion.tests.AutomatedScenario@568ff82] output={null}]]]>
              </value>
            </param>
          </params>
          <reporter-output>
          </reporter-output>
        </test-method> <!-- setUp -->
        <test-method signature="VerifyTheDefaultSortingByNameAscending()[pri:0, instance:com.experion.tests.AutomatedScenario@568ff82]" started-at="2025-03-28T17:41:41 IST" name="VerifyTheDefaultSortingByNameAscending" finished-at="2025-03-28T17:41:42 IST" duration-ms="1206" status="PASS">
          <reporter-output>
          </reporter-output>
        </test-method> <!-- VerifyTheDefaultSortingByNameAscending -->
        <test-method is-config="true" signature="tearDown(org.testng.ITestResult)[pri:0, instance:com.experion.tests.AutomatedScenario@568ff82]" started-at="2025-03-28T17:41:42 IST" name="tearDown" finished-at="2025-03-28T17:41:42 IST" duration-ms="256" status="PASS">
          <params>
            <param index="0">
              <value>
                <![CDATA[[TestResult name=VerifyTheDefaultSortingByNameAscending status=SUCCESS method=AutomatedScenario.VerifyTheDefaultSortingByNameAscending()[pri:0, instance:com.experion.tests.AutomatedScenario@568ff82] output={null}]]]>
              </value>
            </param>
          </params>
          <reporter-output>
          </reporter-output>
        </test-method> <!-- tearDown -->
        <test-method is-config="true" signature="setUp(java.lang.String,org.testng.ITestResult)[pri:0, instance:com.experion.tests.AutomatedScenario@568ff82]" started-at="2025-03-28T17:41:42 IST" name="setUp" finished-at="2025-03-28T17:41:43 IST" duration-ms="1053" status="PASS">
          <params>
            <param index="0">
              <value>
                <![CDATA[chrome]]>
              </value>
            </param>
            <param index="1">
              <value>
                <![CDATA[[TestResult name={null} status=CREATED method=AutomatedScenario.VerifyTheDescendingSortingByName()[pri:0, instance:com.experion.tests.AutomatedScenario@568ff82] output={null}]]]>
              </value>
            </param>
          </params>
          <reporter-output>
          </reporter-output>
        </test-method> <!-- setUp -->
        <test-method signature="VerifyTheDescendingSortingByName()[pri:0, instance:com.experion.tests.AutomatedScenario@568ff82]" started-at="2025-03-28T17:41:43 IST" name="VerifyTheDescendingSortingByName" finished-at="2025-03-28T17:41:44 IST" duration-ms="1401" status="PASS">
          <reporter-output>
          </reporter-output>
        </test-method> <!-- VerifyTheDescendingSortingByName -->
        <test-method is-config="true" signature="tearDown(org.testng.ITestResult)[pri:0, instance:com.experion.tests.AutomatedScenario@568ff82]" started-at="2025-03-28T17:41:44 IST" name="tearDown" finished-at="2025-03-28T17:41:45 IST" duration-ms="265" status="PASS">
          <params>
            <param index="0">
              <value>
                <![CDATA[[TestResult name=VerifyTheDescendingSortingByName status=SUCCESS method=AutomatedScenario.VerifyTheDescendingSortingByName()[pri:0, instance:com.experion.tests.AutomatedScenario@568ff82] output={null}]]]>
              </value>
            </param>
          </params>
          <reporter-output>
          </reporter-output>
        </test-method> <!-- tearDown -->
        <test-method is-config="true" signature="setUp(java.lang.String,org.testng.ITestResult)[pri:0, instance:com.experion.tests.AutomatedScenario@568ff82]" started-at="2025-03-28T17:41:45 IST" name="setUp" finished-at="2025-03-28T17:41:46 IST" duration-ms="1028" status="PASS">
          <params>
            <param index="0">
              <value>
                <![CDATA[chrome]]>
              </value>
            </param>
            <param index="1">
              <value>
                <![CDATA[[TestResult name={null} status=CREATED method=AutomatedScenario.VerifyTheDescendingSortingByPrice()[pri:0, instance:com.experion.tests.AutomatedScenario@568ff82] output={null}]]]>
              </value>
            </param>
          </params>
          <reporter-output>
          </reporter-output>
        </test-method> <!-- setUp -->
        <test-method signature="VerifyTheDescendingSortingByPrice()[pri:0, instance:com.experion.tests.AutomatedScenario@568ff82]" started-at="2025-03-28T17:41:46 IST" name="VerifyTheDescendingSortingByPrice" finished-at="2025-03-28T17:41:47 IST" duration-ms="1305" status="PASS">
          <reporter-output>
          </reporter-output>
        </test-method> <!-- VerifyTheDescendingSortingByPrice -->
        <test-method is-config="true" signature="tearDown(org.testng.ITestResult)[pri:0, instance:com.experion.tests.AutomatedScenario@568ff82]" started-at="2025-03-28T17:41:47 IST" name="tearDown" finished-at="2025-03-28T17:41:47 IST" duration-ms="252" status="PASS">
          <params>
            <param index="0">
              <value>
                <![CDATA[[TestResult name=VerifyTheDescendingSortingByPrice status=SUCCESS method=AutomatedScenario.VerifyTheDescendingSortingByPrice()[pri:0, instance:com.experion.tests.AutomatedScenario@568ff82] output={null}]]]>
              </value>
            </param>
          </params>
          <reporter-output>
          </reporter-output>
        </test-method> <!-- tearDown -->
      </class> <!-- com.experion.tests.AutomatedScenario -->
      <class name="com.experion.tests.LoginTests">
        <test-method is-config="true" signature="setupSuite()[pri:0, instance:com.experion.tests.LoginTests@55740540]" started-at="2025-03-28T17:41:02 IST" name="setupSuite" finished-at="2025-03-28T17:41:03 IST" duration-ms="262" status="PASS">
          <reporter-output>
          </reporter-output>
        </test-method> <!-- setupSuite -->
        <test-method is-config="true" signature="setUp(java.lang.String,org.testng.ITestResult)[pri:0, instance:com.experion.tests.LoginTests@55740540]" started-at="2025-03-28T17:41:03 IST" name="setUp" finished-at="2025-03-28T17:41:06 IST" duration-ms="3528" status="PASS">
          <params>
            <param index="0">
              <value>
                <![CDATA[chrome]]>
              </value>
            </param>
            <param index="1">
              <value>
                <![CDATA[[TestResult name={null} status=CREATED method=LoginTests.loginWithInvalidPassword()[pri:0, instance:com.experion.tests.LoginTests@55740540] output={null}]]]>
              </value>
            </param>
          </params>
          <reporter-output>
          </reporter-output>
        </test-method> <!-- setUp -->
        <test-method signature="loginWithInvalidPassword()[pri:0, instance:com.experion.tests.LoginTests@55740540]" started-at="2025-03-28T17:41:06 IST" name="loginWithInvalidPassword" finished-at="2025-03-28T17:41:07 IST" duration-ms="1127" status="PASS">
          <reporter-output>
          </reporter-output>
        </test-method> <!-- loginWithInvalidPassword -->
        <test-method is-config="true" signature="tearDown(org.testng.ITestResult)[pri:0, instance:com.experion.tests.LoginTests@55740540]" started-at="2025-03-28T17:41:07 IST" name="tearDown" finished-at="2025-03-28T17:41:08 IST" duration-ms="315" status="PASS">
          <params>
            <param index="0">
              <value>
                <![CDATA[[TestResult name=loginWithInvalidPassword status=SUCCESS method=LoginTests.loginWithInvalidPassword()[pri:0, instance:com.experion.tests.LoginTests@55740540] output={null}]]]>
              </value>
            </param>
          </params>
          <reporter-output>
          </reporter-output>
        </test-method> <!-- tearDown -->
        <test-method is-config="true" signature="setUp(java.lang.String,org.testng.ITestResult)[pri:0, instance:com.experion.tests.LoginTests@55740540]" started-at="2025-03-28T17:41:08 IST" name="setUp" finished-at="2025-03-28T17:41:09 IST" duration-ms="1001" status="PASS">
          <params>
            <param index="0">
              <value>
                <![CDATA[chrome]]>
              </value>
            </param>
            <param index="1">
              <value>
                <![CDATA[[TestResult name={null} status=CREATED method=LoginTests.successfulLoginTest(java.lang.String,java.lang.String)[pri:0, instance:com.experion.tests.LoginTests@55740540] output={null}]]]>
              </value>
            </param>
          </params>
          <reporter-output>
          </reporter-output>
        </test-method> <!-- setUp -->
        <test-method signature="successfulLoginTest(java.lang.String,java.lang.String)[pri:0, instance:com.experion.tests.LoginTests@55740540]" started-at="2025-03-28T17:41:09 IST" name="successfulLoginTest" data-provider="validLoginData" finished-at="2025-03-28T17:41:10 IST" duration-ms="1573" status="PASS">
          <params>
            <param index="0">
              <value>
                <![CDATA[standard_user]]>
              </value>
            </param>
            <param index="1">
              <value>
                <![CDATA[secret_sauce]]>
              </value>
            </param>
          </params>
          <reporter-output>
          </reporter-output>
        </test-method> <!-- successfulLoginTest -->
        <test-method is-config="true" signature="tearDown(org.testng.ITestResult)[pri:0, instance:com.experion.tests.LoginTests@55740540]" started-at="2025-03-28T17:41:10 IST" name="tearDown" finished-at="2025-03-28T17:41:10 IST" duration-ms="287" status="PASS">
          <params>
            <param index="0">
              <value>
                <![CDATA[[TestResult name=successfulLoginTest status=SUCCESS method=LoginTests.successfulLoginTest(java.lang.String,java.lang.String)[pri:0, instance:com.experion.tests.LoginTests@55740540] output={null}]]]>
              </value>
            </param>
          </params>
          <reporter-output>
          </reporter-output>
        </test-method> <!-- tearDown -->
        <test-method is-config="true" signature="setUp(java.lang.String,org.testng.ITestResult)[pri:0, instance:com.experion.tests.LoginTests@55740540]" started-at="2025-03-28T17:41:10 IST" name="setUp" finished-at="2025-03-28T17:41:11 IST" duration-ms="1003" status="PASS">
          <params>
            <param index="0">
              <value>
                <![CDATA[chrome]]>
              </value>
            </param>
            <param index="1">
              <value>
                <![CDATA[[TestResult name={null} status=CREATED method=LoginTests.successfulLoginTest(java.lang.String,java.lang.String)[pri:0, instance:com.experion.tests.LoginTests@55740540] output={null}]]]>
              </value>
            </param>
          </params>
          <reporter-output>
          </reporter-output>
        </test-method> <!-- setUp -->
        <test-method signature="successfulLoginTest(java.lang.String,java.lang.String)[pri:0, instance:com.experion.tests.LoginTests@55740540]" started-at="2025-03-28T17:41:11 IST" name="successfulLoginTest" data-provider="validLoginData" finished-at="2025-03-28T17:41:23 IST" duration-ms="11536" status="PASS">
          <params>
            <param index="0">
              <value>
                <![CDATA[performance_glitch_user]]>
              </value>
            </param>
            <param index="1">
              <value>
                <![CDATA[secret_sauce]]>
              </value>
            </param>
          </params>
          <reporter-output>
          </reporter-output>
        </test-method> <!-- successfulLoginTest -->
        <test-method is-config="true" signature="tearDown(org.testng.ITestResult)[pri:0, instance:com.experion.tests.LoginTests@55740540]" started-at="2025-03-28T17:41:23 IST" name="tearDown" finished-at="2025-03-28T17:41:23 IST" duration-ms="346" status="PASS">
          <params>
            <param index="0">
              <value>
                <![CDATA[[TestResult name=successfulLoginTest status=SUCCESS method=LoginTests.successfulLoginTest(java.lang.String,java.lang.String)[pri:0, instance:com.experion.tests.LoginTests@55740540] output={null}]]]>
              </value>
            </param>
          </params>
          <reporter-output>
          </reporter-output>
        </test-method> <!-- tearDown -->
        <test-method is-config="true" signature="setUp(java.lang.String,org.testng.ITestResult)[pri:0, instance:com.experion.tests.LoginTests@55740540]" started-at="2025-03-28T17:41:23 IST" name="setUp" finished-at="2025-03-28T17:41:24 IST" duration-ms="1079" status="PASS">
          <params>
            <param index="0">
              <value>
                <![CDATA[chrome]]>
              </value>
            </param>
            <param index="1">
              <value>
                <![CDATA[[TestResult name={null} status=CREATED method=LoginTests.successfulLoginTest(java.lang.String,java.lang.String)[pri:0, instance:com.experion.tests.LoginTests@55740540] output={null}]]]>
              </value>
            </param>
          </params>
          <reporter-output>
          </reporter-output>
        </test-method> <!-- setUp -->
        <test-method signature="successfulLoginTest(java.lang.String,java.lang.String)[pri:0, instance:com.experion.tests.LoginTests@55740540]" started-at="2025-03-28T17:41:24 IST" name="successfulLoginTest" data-provider="validLoginData" finished-at="2025-03-28T17:41:26 IST" duration-ms="1510" status="PASS">
          <params>
            <param index="0">
              <value>
                <![CDATA[visual_user]]>
              </value>
            </param>
            <param index="1">
              <value>
                <![CDATA[secret_sauce]]>
              </value>
            </param>
          </params>
          <reporter-output>
          </reporter-output>
        </test-method> <!-- successfulLoginTest -->
        <test-method is-config="true" signature="tearDown(org.testng.ITestResult)[pri:0, instance:com.experion.tests.LoginTests@55740540]" started-at="2025-03-28T17:41:26 IST" name="tearDown" finished-at="2025-03-28T17:41:26 IST" duration-ms="285" status="PASS">
          <params>
            <param index="0">
              <value>
                <![CDATA[[TestResult name=successfulLoginTest status=SUCCESS method=LoginTests.successfulLoginTest(java.lang.String,java.lang.String)[pri:0, instance:com.experion.tests.LoginTests@55740540] output={null}]]]>
              </value>
            </param>
          </params>
          <reporter-output>
          </reporter-output>
        </test-method> <!-- tearDown -->
        <test-method is-config="true" signature="tearDownSuite()[pri:0, instance:com.experion.tests.LoginTests@55740540]" started-at="2025-03-28T17:41:47 IST" name="tearDownSuite" finished-at="2025-03-28T17:41:48 IST" duration-ms="344" status="PASS">
          <reporter-output>
          </reporter-output>
        </test-method> <!-- tearDownSuite -->
      </class> <!-- com.experion.tests.LoginTests -->
    </test> <!-- ChromeTests -->
  </suite> <!-- Experion Test Suite -->
</testng-results>
