<?xml version="1.0" encoding="UTF-8"?>
<!-- Generated by org.testng.reporters.JUnitXMLReporter -->
<testsuite ignored="0" hostname="Nandhu" failures="0" tests="2" name="Chrome Tests" time="0.154" errors="0" timestamp="2025-03-25T21:08:17 IST">
  <testcase classname="com.experion.tests.BaseTest" name="@BeforeMethod setUp" time="-1.742917097407E9">
    <failure type="org.testng.TestNGException" message="
Parameter &amp;apos;chrome&amp;apos; is required by BeforeMethod on method setUp but has not been marked @Optional or defined
in C:\Users\Nandhakumar\eclipse-workspace\experion_selenium_project\src\test\resources\testng.xml">
      <![CDATA[org.testng.TestNGException: 
Parameter 'chrome' is required by BeforeMethod on method setUp but has not been marked @Optional or defined
in C:\Users\Nandhakumar\eclipse-workspace\experion_selenium_project\src\test\resources\testng.xml
at java.base/java.util.ArrayList.forEach(ArrayList.java:1597)
... Removed 28 stack frames]]>
    </failure>
  </testcase> <!-- @BeforeMethod setUp -->
  <testcase classname="com.experion.tests.BaseTest" name="@AfterMethod tearDown" time="0.0">
    <skipped/>
  </testcase> <!-- @AfterMethod tearDown -->
  <testcase classname="com.experion.tests.BaseTest" name="@BeforeMethod setUp" time="0.0">
    <skipped/>
  </testcase> <!-- @BeforeMethod setUp -->
  <testcase classname="com.experion.tests.BaseTest" name="@AfterMethod tearDown" time="0.0">
    <skipped/>
  </testcase> <!-- @AfterMethod tearDown -->
  <testcase classname="com.experion.tests.LoginTests" name="invalidLoginTest" time="0.0">
    <skipped/>
  </testcase> <!-- invalidLoginTest -->
  <testcase classname="com.experion.tests.LoginTests" name="successfulLoginTest" time="0.0">
    <skipped/>
  </testcase> <!-- successfulLoginTest -->
</testsuite> <!-- Chrome Tests -->
