<?xml version="1.0" encoding="UTF-8"?>
<!-- Generated by org.testng.reporters.JUnitXMLReporter -->
<testsuite ignored="0" hostname="Nandhu" failures="0" tests="2" name="Firefox Tests" time="0.054" errors="0" timestamp="2025-03-25T21:08:17 IST">
  <testcase classname="com.experion.tests.LoginTests" name="invalidLoginTest" time="0.001">
    <skipped/>
  </testcase> <!-- invalidLoginTest -->
  <testcase classname="com.experion.tests.LoginTests" name="successfulLoginTest" time="0.0">
    <skipped/>
  </testcase> <!-- successfulLoginTest -->
</testsuite> <!-- Firefox Tests -->
